#
# A fatal error has been detected by the Java Runtime Environment:
#
#  EXCEPTION_ACCESS_VIOLATION (0xc0000005) at pc=0x00007ffb874c5add, pid=4924, tid=8808
#
# JRE version: OpenJDK Runtime Environment Temurin-17.0.14+7 (17.0.14+7) (build 17.0.14+7)
# Java VM: OpenJDK 64-Bit Server VM Temurin-17.0.14+7 (17.0.14+7, mixed mode, sharing, tiered, compressed oops, compressed class ptrs, g1 gc, windows-amd64)
# Problematic frame:
# V  [jvm.dll+0x265add]
#
# No core dump will be written. Minidumps are not enabled by default on client versions of Windows
#
# If you would like to submit a bug report, please visit:
#   https://github.com/adoptium/adoptium-support/issues
#

---------------  S U M M A R Y ------------

Command Line: -Dforge.logging.console.level=debug -Dforge.logging.markers=REGISTRIES -DignoreList=bootstraplauncher,securejarhandler,asm-commons,asm-util,asm-analysis,asm-tree,asm,JarJarFileSystems,client-extra,fmlcore,javafmllanguage,lowcodelanguage,mclanguage,forge- -Djava.net.preferIPv6Addresses=system -DlegacyClassPath.file=C:\Users\Tablos\Documents\IntellijProjects\Orevolution\build\classpath\runData_minecraftClasspath.txt -DmergeModules=jna-5.10.0.jar,jna-platform-5.10.0.jar --module-path=C:\Users\Tablos\.gradle\caches\modules-2\files-2.1\cpw.mods\bootstraplauncher\1.1.2\c546e00443d8432cda6baa1c860346980742628\bootstraplauncher-1.1.2.jar;C:\Users\Tablos\.gradle\caches\modules-2\files-2.1\cpw.mods\securejarhandler\2.1.10\51e6a22c6c716beb11e244bf5b8be480f51dd6b5\securejarhandler-2.1.10.jar;C:\Users\Tablos\.gradle\caches\modules-2\files-2.1\org.ow2.asm\asm-commons\9.7.1\406c6a2225cfe1819f102a161e54cc16a5c24f75\asm-commons-9.7.1.jar;C:\Users\Tablos\.gradle\caches\modules-2\files-2.1\org.ow2.asm\asm-util\9.7.1\9e23359b598ec6b74b23e53110dd5c577adf2243\asm-util-9.7.1.jar;C:\Users\Tablos\.gradle\caches\modules-2\files-2.1\org.ow2.asm\asm-analysis\9.7.1\f97a3b319f0ed6a8cd944dc79060d3912a28985f\asm-analysis-9.7.1.jar;C:\Users\Tablos\.gradle\caches\modules-2\files-2.1\org.ow2.asm\asm-tree\9.7.1\3a53139787663b139de76b627fca0084ab60d32c\asm-tree-9.7.1.jar;C:\Users\Tablos\.gradle\caches\modules-2\files-2.1\org.ow2.asm\asm\9.7.1\f0ed132a49244b042cd0e15702ab9f2ce3cc8436\asm-9.7.1.jar;C:\Users\Tablos\.gradle\caches\modules-2\files-2.1\net.minecraftforge\JarJarFileSystems\0.3.19\2464eb7d6b9ddb9db36a82cf8a95193e5c6fe020\JarJarFileSystems-0.3.19.jar --add-modules=ALL-MODULE-PATH --add-opens=java.base/java.util.jar=cpw.mods.securejarhandler --add-opens=java.base/java.lang.invoke=cpw.mods.securejarhandler --add-exports=java.base/sun.security.util=cpw.mods.securejarhandler --add-exports=jdk.naming.dns/com.sun.jndi.dns=java.naming -Dfile.encoding=UTF-8 -Duser.country=AR -Duser.language=es -Duser.variant cpw.mods.bootstraplauncher.BootstrapLauncher --launchTarget forgedatauserdev --assetIndex 5 --assetsDir C:\Users\Tablos\.gradle\caches\forge_gradle\assets --gameDir . --fml.forgeVersion 47.4.4 --fml.mcVersion 1.20.1 --fml.forgeGroup net.minecraftforge --fml.mcpVersion 20230612.114412 --mod orevolution --all --output C:\Users\Tablos\Documents\IntellijProjects\Orevolution\src\generated\resources --existing C:\Users\Tablos\Documents\IntellijProjects\Orevolution\src\main\resources

Host: Intel(R) Celeron(R) N4020 CPU @ 1.10GHz, 2 cores, 3G,  Windows 10 , 64 bit Build 19041 (10.0.19041.5072)
Time: Mon Jul 21 21:06:58 2025 Hora estándar de Argentina elapsed time: 7.055055 seconds (0d 0h 0m 7s)

---------------  T H R E A D  ---------------

Current thread (0x000001687b79ab80):  JavaThread "C2 CompilerThread0" daemon [_thread_in_native, id=8808, stack(0x00000024bcf00000,0x00000024bd000000)]


Current CompileTask:
C2:   7055 2513       4       java.util.stream.ForEachOps$ForEachOp$OfRef::accept (11 bytes)

Stack: [0x00000024bcf00000,0x00000024bd000000],  sp=0x00000024bcffb6a0,  free space=1005k
Native frames: (J=compiled Java code, j=interpreted, Vv=VM code, C=native code)
V  [jvm.dll+0x265add]
V  [jvm.dll+0x60eb28]
V  [jvm.dll+0x60eaef]
V  [jvm.dll+0x60eaef]
V  [jvm.dll+0x6141dc]
V  [jvm.dll+0x6150dc]
V  [jvm.dll+0x6135ac]
V  [jvm.dll+0x217fce]
V  [jvm.dll+0x21758f]
V  [jvm.dll+0x1a3150]
V  [jvm.dll+0x22799c]
V  [jvm.dll+0x225afb]
V  [jvm.dll+0x7ef128]
V  [jvm.dll+0x7e948c]
V  [jvm.dll+0x681d97]
C  [ucrtbase.dll+0x21bb2]
C  [KERNEL32.DLL+0x17374]
C  [ntdll.dll+0x4cc91]


siginfo: EXCEPTION_ACCESS_VIOLATION (0xc0000005), reading address 0x0000000000000002


Registers:
RAX=0x0000000000000001, RBX=0x0000000000000002, RCX=0x0000000000000000, RDX=0x0000000000000002
RSP=0x00000024bcffb6a0, RBP=0x00000168465b8bf0, RSI=0x00000168463f0bc0, RDI=0x00007ffb87260000
R8 =0x00000168465b8678, R9 =0x00007ffb874be876, R10=0x0000000000000030, R11=0x00000168465b8680
R12=0x0000000000000001, R13=0x0000000000000001, R14=0x00000168465b8678, R15=0x0000016845b42988
RIP=0x00007ffb874c5add, EFLAGS=0x0000000000010246


Register to memory mapping:

RIP=0x00007ffb874c5add jvm.dll
RAX=0x0000000000000001 is an unknown value
RBX=0x0000000000000002 is an unknown value
RCX=0x0 is NULL
RDX=0x0000000000000002 is an unknown value
RSP=0x00000024bcffb6a0 is pointing into the stack for thread: 0x000001687b79ab80
RBP=0x00000168465b8bf0 points into unknown readable memory: 0x00007ffb87b7cd38 | 38 cd b7 87 fb 7f 00 00
RSI=0x00000168463f0bc0 points into unknown readable memory: 0x0000000000000000 | 00 00 00 00 00 00 00 00
RDI=0x00007ffb87260000 jvm.dll
R8 =0x00000168465b8678 points into unknown readable memory: 0x00007ffb87bfe948 | 48 e9 bf 87 fb 7f 00 00
R9 =0x00007ffb874be876 jvm.dll
R10=0x0000000000000030 is an unknown value
R11=0x00000168465b8680 points into unknown readable memory: 0x0000016845b426b0 | b0 26 b4 45 68 01 00 00
R12=0x0000000000000001 is an unknown value
R13=0x0000000000000001 is an unknown value
R14=0x00000168465b8678 points into unknown readable memory: 0x00007ffb87bfe948 | 48 e9 bf 87 fb 7f 00 00
R15=0x0000016845b42988 points into unknown readable memory: 0x00007ffb87b807a8 | a8 07 b8 87 fb 7f 00 00


Top of Stack: (sp=0x00000024bcffb6a0)
0x00000024bcffb6a0:   0000000000007fd8 00007ffb8730d4dc
0x00000024bcffb6b0:   0000000000000000 00000024bcffc6b8
0x00000024bcffb6c0:   0000016845b42988 00000168465b86a4
0x00000024bcffb6d0:   00000168463f0bc0 00007ffb8786eb28
0x00000024bcffb6e0:   00000168465b8678 00000168465b8bf0
0x00000024bcffb6f0:   0000016846ea3a10 000001687b83faf0
0x00000024bcffb700:   000001687b83faf0 0000000000000000
0x00000024bcffb710:   0000000200000001 0000000000000008
0x00000024bcffb720:   0000000000000002 0000000000000001
0x00000024bcffb730:   000001687b7f8dc0 00000168465b9cb0
0x00000024bcffb740:   00000024bcffbd30 00000168465b8bf0
0x00000024bcffb750:   0000016845b42988 00007ffb8786eaef
0x00000024bcffb760:   00000024bcffbd30 0000000000000000
0x00000024bcffb770:   000001687b7f8dc0 00000168465b8bf0
0x00000024bcffb780:   00000024bcffb918 00007ffb87a5adc1
0x00000024bcffb790:   0000000400000001 0000000000000010
0x00000024bcffb7a0:   0000000000000002 0000000000000000
0x00000024bcffb7b0:   000001687b7f86b0 00000168465b9d08
0x00000024bcffb7c0:   00000024bcffbd30 00000168465b8bf0
0x00000024bcffb7d0:   00000168465b9cb0 00007ffb8786eaef
0x00000024bcffb7e0:   00000024bcffbd30 0000000000000000
0x00000024bcffb7f0:   000001687b7f86b0 00000168465b8bf0
0x00000024bcffb800:   00000024bcffb918 00000024bcffbd30
0x00000024bcffb810:   0000000300000001 0000000000000010
0x00000024bcffb820:   000001687b7f6f30 00000024bcffbd30
0x00000024bcffb830:   0000000000000000 00000024bcffbd30
0x00000024bcffb840:   00000168465b9d08 00000024bcffc6b8
0x00000024bcffb850:   0000000000000001 00007ffb878741dc
0x00000024bcffb860:   00000024bcffbd30 000001687b7f7fa0
0x00000024bcffb870:   000001687b7f7fa0 00000168465b8bf0
0x00000024bcffb880:   00000024bcffb918 00007ffb878bf7eb
0x00000024bcffb890:   00000000000027d8 000001687b7f7fa0 

Instructions: (pc=0x00007ffb874c5add)
0x00007ffb874c59dd:   48 8b 81 00 07 00 00 48 85 c0 0f 84 b9 00 00 00
0x00007ffb874c59ed:   f6 80 9a 05 00 00 01 0f 84 ac 00 00 00 49 8b 00
0x00007ffb874c59fd:   49 8b ce ff 50 28 48 8b 48 18 e8 74 56 59 00 83
0x00007ffb874c5a0d:   f8 07 0f 85 91 00 00 00 48 8b 86 00 07 00 00 8b
0x00007ffb874c5a1d:   80 f4 01 00 00 83 c0 64 89 86 f4 01 00 00 83 c0
0x00007ffb874c5a2d:   64 c7 86 9a 05 00 00 9f 03 b5 02 89 86 f8 01 00
0x00007ffb874c5a3d:   00 b0 01 e9 98 00 00 00 48 8b 81 00 07 00 00 48
0x00007ffb874c5a4d:   85 c0 74 55 f6 80 9a 05 00 00 01 74 4c 49 8b 00
0x00007ffb874c5a5d:   49 8b ce ff 50 28 48 8b 48 18 e8 14 56 59 00 83
0x00007ffb874c5a6d:   f8 06 75 35 48 8b 86 00 07 00 00 8b 80 f4 01 00
0x00007ffb874c5a7d:   00 83 c0 64 89 86 f4 01 00 00 83 c0 64 c7 86 9a
0x00007ffb874c5a8d:   05 00 00 a1 03 b5 02 89 86 f8 01 00 00 b0 01 eb
0x00007ffb874c5a9d:   3f 49 8b d6 e8 1a ce 02 00 b0 01 eb 33 48 8b 0d
0x00007ffb874c5aad:   4f f4 93 00 48 8d 15 d0 80 6e 00 e8 53 f6 41 00
0x00007ffb874c5abd:   4c 8b 8c df f0 46 b3 00 48 8d 15 dc 80 6e 00 48
0x00007ffb874c5acd:   8b 0d 2d f4 93 00 44 8b c3 e8 35 f6 41 00 32 c0
0x00007ffb874c5add:   48 8b 5c 24 40 48 8b 6c 24 48 48 8b 74 24 50 48
0x00007ffb874c5aed:   83 c4 20 41 5f 41 5e 5f c3 66 90 76 e8 25 00 9d
0x00007ffb874c5afd:   e8 25 00 fb e8 25 00 9a e9 25 00 d6 e9 25 00 12
0x00007ffb874c5b0d:   ea 25 00 aa 5a 26 00 61 ea 25 00 8c ea 25 00 a1
0x00007ffb874c5b1d:   ea 25 00 db ea 25 00 f0 ea 25 00 08 eb 25 00 55
0x00007ffb874c5b2d:   eb 25 00 aa 5a 26 00 6f eb 25 00 7e eb 25 00 8d
0x00007ffb874c5b3d:   eb 25 00 20 ec 25 00 a1 ec 25 00 b0 ec 25 00 bf
0x00007ffb874c5b4d:   ec 25 00 ce ec 25 00 dd ec 25 00 aa 5a 26 00 aa
0x00007ffb874c5b5d:   5a 26 00 ec ec 25 00 fb ec 25 00 aa 5a 26 00 0a
0x00007ffb874c5b6d:   ed 25 00 aa 5a 26 00 19 ed 25 00 aa 5a 26 00 28
0x00007ffb874c5b7d:   ed 25 00 aa 5a 26 00 94 ed 25 00 0c ee 25 00 8d
0x00007ffb874c5b8d:   ee 25 00 05 ef 25 00 aa 5a 26 00 7d ef 25 00 c2
0x00007ffb874c5b9d:   ef 25 00 e5 ef 25 00 08 f0 25 00 aa 5a 26 00 1e
0x00007ffb874c5bad:   f0 25 00 34 f0 25 00 4a f0 25 00 60 f0 25 00 76
0x00007ffb874c5bbd:   f0 25 00 8c f0 25 00 a2 f0 25 00 06 f1 25 00 6a
0x00007ffb874c5bcd:   f1 25 00 df f1 25 00 5d f2 25 00 12 f3 25 00 ed 


Stack slot to memory mapping:
stack at sp + 0 slots: 0x0000000000007fd8 is an unknown value
stack at sp + 1 slots: 0x00007ffb8730d4dc jvm.dll
stack at sp + 2 slots: 0x0 is NULL
stack at sp + 3 slots: 0x00000024bcffc6b8 is pointing into the stack for thread: 0x000001687b79ab80
stack at sp + 4 slots: 0x0000016845b42988 points into unknown readable memory: 0x00007ffb87b807a8 | a8 07 b8 87 fb 7f 00 00
stack at sp + 5 slots: 0x00000168465b86a4 points into unknown readable memory: 30 00 00 00
stack at sp + 6 slots: 0x00000168463f0bc0 points into unknown readable memory: 0x0000000000000000 | 00 00 00 00 00 00 00 00
stack at sp + 7 slots: 0x00007ffb8786eb28 jvm.dll


---------------  P R O C E S S  ---------------

Threads class SMR info:
_java_thread_list=0x0000016845235630, length=12, elements={
0x0000016860883d60, 0x000001687b77fbe0, 0x000001687b781200, 0x000001687b794e30,
0x000001687b7959f0, 0x000001687b7994d0, 0x000001687b799e90, 0x000001687b79ab80,
0x000001687b79b630, 0x000001687b79ef60, 0x000001684518b220, 0x00000168452b4520
}

Java Threads: ( => current thread )
  0x0000016860883d60 JavaThread "main" [_thread_in_vm, id=8320, stack(0x00000024bc200000,0x00000024bc300000)]
  0x000001687b77fbe0 JavaThread "Reference Handler" daemon [_thread_blocked, id=7432, stack(0x00000024bc900000,0x00000024bca00000)]
  0x000001687b781200 JavaThread "Finalizer" daemon [_thread_blocked, id=7336, stack(0x00000024bca00000,0x00000024bcb00000)]
  0x000001687b794e30 JavaThread "Signal Dispatcher" daemon [_thread_blocked, id=8904, stack(0x00000024bcb00000,0x00000024bcc00000)]
  0x000001687b7959f0 JavaThread "Attach Listener" daemon [_thread_blocked, id=8748, stack(0x00000024bcc00000,0x00000024bcd00000)]
  0x000001687b7994d0 JavaThread "Service Thread" daemon [_thread_blocked, id=3348, stack(0x00000024bcd00000,0x00000024bce00000)]
  0x000001687b799e90 JavaThread "Monitor Deflation Thread" daemon [_thread_blocked, id=7080, stack(0x00000024bce00000,0x00000024bcf00000)]
=>0x000001687b79ab80 JavaThread "C2 CompilerThread0" daemon [_thread_in_native, id=8808, stack(0x00000024bcf00000,0x00000024bd000000)]
  0x000001687b79b630 JavaThread "C1 CompilerThread0" daemon [_thread_blocked, id=7244, stack(0x00000024bd000000,0x00000024bd100000)]
  0x000001687b79ef60 JavaThread "Sweeper thread" daemon [_thread_blocked, id=7364, stack(0x00000024bd100000,0x00000024bd200000)]
  0x000001684518b220 JavaThread "Common-Cleaner" daemon [_thread_blocked, id=1632, stack(0x00000024bd200000,0x00000024bd300000)]
  0x00000168452b4520 JavaThread "Notification Thread" daemon [_thread_blocked, id=7480, stack(0x00000024bd300000,0x00000024bd400000)]

Other Threads:
  0x000001687b77b6e0 VMThread "VM Thread" [stack: 0x00000024bc800000,0x00000024bc900000] [id=7128]
  0x00000168451b0bf0 WatcherThread [stack: 0x00000024bd400000,0x00000024bd500000] [id=1316]
  0x00000168608bcb90 GCTaskThread "GC Thread#0" [stack: 0x00000024bc300000,0x00000024bc400000] [id=5100]
  0x00000168452c8da0 GCTaskThread "GC Thread#1" [stack: 0x00000024bd500000,0x00000024bd600000] [id=6172]
  0x00000168608c5560 ConcurrentGCThread "G1 Main Marker" [stack: 0x00000024bc400000,0x00000024bc500000] [id=4888]
  0x00000168608c5f80 ConcurrentGCThread "G1 Conc#0" [stack: 0x00000024bc500000,0x00000024bc600000] [id=5920]
  0x00000168608fefa0 ConcurrentGCThread "G1 Refine#0" [stack: 0x00000024bc600000,0x00000024bc700000] [id=5364]
  0x0000016846310850 ConcurrentGCThread "G1 Refine#1" [stack: 0x00000024bd600000,0x00000024bd700000] [id=3420]
  0x00000168609009e0 ConcurrentGCThread "G1 Service" [stack: 0x00000024bc700000,0x00000024bc800000] [id=8540]

Threads with active compile tasks:
C2 CompilerThread0     7124 2513       4       java.util.stream.ForEachOps$ForEachOp$OfRef::accept (11 bytes)

VM state: not at safepoint (normal execution)

VM Mutex/Monitor currently owned by a thread: None

Heap address: 0x00000000c2c00000, size: 980 MB, Compressed Oops mode: 32-bit

CDS archive(s) mapped at: [0x0000016800000000-0x0000016800bb0000-0x0000016800bb0000), size 12255232, SharedBaseAddress: 0x0000016800000000, ArchiveRelocationMode: 1.
Compressed class space mapped at: 0x0000016801000000-0x0000016841000000, reserved size: 1073741824
Narrow klass base: 0x0000016800000000, Narrow klass shift: 0, Narrow klass range: 0x100000000

GC Precious Log:
 CPUs: 2 total, 2 available
 Memory: 3914M
 Large Page Support: Disabled
 NUMA Support: Disabled
 Compressed Oops: Enabled (32-bit)
 Heap Region Size: 1M
 Heap Min Capacity: 8M
 Heap Initial Capacity: 62M
 Heap Max Capacity: 980M
 Pre-touch: Disabled
 Parallel Workers: 2
 Concurrent Workers: 1
 Concurrent Refinement Workers: 2
 Periodic GC: Disabled

Heap:
 garbage-first heap   total 92160K, used 68424K [0x00000000c2c00000, 0x0000000100000000)
  region size 1024K, 34 young (34816K), 2 survivors (2048K)
 Metaspace       used 6447K, committed 6720K, reserved 1114112K
  class space    used 643K, committed 768K, reserved 1048576K

Heap Regions: E=young(eden), S=young(survivor), O=old, HS=humongous(starts), HC=humongous(continues), CS=collection set, F=free, OA=open archive, CA=closed archive, TAMS=top-at-mark-start (previous, next)
|   0|0x00000000c2c00000, 0x00000000c2d00000, 0x00000000c2d00000|100%|HS|  |TAMS 0x00000000c2c00000, 0x00000000c2c00000| Complete 
|   1|0x00000000c2d00000, 0x00000000c2e00000, 0x00000000c2e00000|100%|HS|  |TAMS 0x00000000c2d00000, 0x00000000c2d00000| Complete 
|   2|0x00000000c2e00000, 0x00000000c2f00000, 0x00000000c2f00000|100%|HC|  |TAMS 0x00000000c2e00000, 0x00000000c2e00000| Complete 
|   3|0x00000000c2f00000, 0x00000000c3000000, 0x00000000c3000000|100%| O|  |TAMS 0x00000000c2f00000, 0x00000000c2f00000| Untracked 
|   4|0x00000000c3000000, 0x00000000c3100000, 0x00000000c3100000|100%| O|  |TAMS 0x00000000c3000000, 0x00000000c3000000| Untracked 
|   5|0x00000000c3100000, 0x00000000c3200000, 0x00000000c3200000|100%| O|  |TAMS 0x00000000c3100000, 0x00000000c3100000| Untracked 
|   6|0x00000000c3200000, 0x00000000c3300000, 0x00000000c3300000|100%| O|  |TAMS 0x00000000c3200000, 0x00000000c3200000| Untracked 
|   7|0x00000000c3300000, 0x00000000c3400000, 0x00000000c3400000|100%| O|  |TAMS 0x00000000c3300000, 0x00000000c3300000| Untracked 
|   8|0x00000000c3400000, 0x00000000c3500000, 0x00000000c3500000|100%|HS|  |TAMS 0x00000000c3400000, 0x00000000c3400000| Complete 
|   9|0x00000000c3500000, 0x00000000c3600000, 0x00000000c3600000|100%|HC|  |TAMS 0x00000000c3500000, 0x00000000c3500000| Complete 
|  10|0x00000000c3600000, 0x00000000c3700000, 0x00000000c3700000|100%| O|  |TAMS 0x00000000c3600000, 0x00000000c3600000| Untracked 
|  11|0x00000000c3700000, 0x00000000c3800000, 0x00000000c3800000|100%| O|  |TAMS 0x00000000c3700000, 0x00000000c3700000| Untracked 
|  12|0x00000000c3800000, 0x00000000c3900000, 0x00000000c3900000|100%| O|  |TAMS 0x00000000c3800000, 0x00000000c3800000| Untracked 
|  13|0x00000000c3900000, 0x00000000c3a00000, 0x00000000c3a00000|100%| O|  |TAMS 0x00000000c3900000, 0x00000000c3900000| Untracked 
|  14|0x00000000c3a00000, 0x00000000c3b00000, 0x00000000c3b00000|100%|HS|  |TAMS 0x00000000c3a00000, 0x00000000c3a00000| Complete 
|  15|0x00000000c3b00000, 0x00000000c3c00000, 0x00000000c3c00000|100%|HC|  |TAMS 0x00000000c3b00000, 0x00000000c3b00000| Complete 
|  16|0x00000000c3c00000, 0x00000000c3d00000, 0x00000000c3d00000|100%| O|  |TAMS 0x00000000c3c00000, 0x00000000c3c00000| Untracked 
|  17|0x00000000c3d00000, 0x00000000c3e00000, 0x00000000c3e00000|100%| O|  |TAMS 0x00000000c3d00000, 0x00000000c3d00000| Untracked 
|  18|0x00000000c3e00000, 0x00000000c3f00000, 0x00000000c3f00000|100%| O|  |TAMS 0x00000000c3e00000, 0x00000000c3e00000| Untracked 
|  19|0x00000000c3f00000, 0x00000000c4000000, 0x00000000c4000000|100%| O|  |TAMS 0x00000000c3f00000, 0x00000000c3f00000| Untracked 
|  20|0x00000000c4000000, 0x00000000c4100000, 0x00000000c4100000|100%| O|  |TAMS 0x00000000c4000000, 0x00000000c4000000| Untracked 
|  21|0x00000000c4100000, 0x00000000c4200000, 0x00000000c4200000|100%| O|  |TAMS 0x00000000c4100000, 0x00000000c4100000| Untracked 
|  22|0x00000000c4200000, 0x00000000c4300000, 0x00000000c4300000|100%| O|  |TAMS 0x00000000c4200000, 0x00000000c4200000| Untracked 
|  23|0x00000000c4300000, 0x00000000c4400000, 0x00000000c4400000|100%| O|  |TAMS 0x00000000c4300000, 0x00000000c4300000| Untracked 
|  24|0x00000000c4400000, 0x00000000c4500000, 0x00000000c4500000|100%| O|  |TAMS 0x00000000c4400000, 0x00000000c4400000| Untracked 
|  25|0x00000000c4500000, 0x00000000c4600000, 0x00000000c4600000|100%| O|  |TAMS 0x00000000c4500000, 0x00000000c4500000| Untracked 
|  26|0x00000000c4600000, 0x00000000c4700000, 0x00000000c4700000|100%| O|  |TAMS 0x00000000c4600000, 0x00000000c4600000| Untracked 
|  27|0x00000000c4700000, 0x00000000c4800000, 0x00000000c4800000|100%| O|  |TAMS 0x00000000c4700000, 0x00000000c4700000| Untracked 
|  28|0x00000000c4800000, 0x00000000c4900000, 0x00000000c4900000|100%| O|  |TAMS 0x00000000c4800000, 0x00000000c4800000| Untracked 
|  29|0x00000000c4900000, 0x00000000c4a00000, 0x00000000c4a00000|100%|HS|  |TAMS 0x00000000c4900000, 0x00000000c4900000| Complete 
|  30|0x00000000c4a00000, 0x00000000c4b00000, 0x00000000c4b00000|100%|HC|  |TAMS 0x00000000c4a00000, 0x00000000c4a00000| Complete 
|  31|0x00000000c4b00000, 0x00000000c4c00000, 0x00000000c4c00000|100%| O|  |TAMS 0x00000000c4b00000, 0x00000000c4b00000| Untracked 
|  32|0x00000000c4c00000, 0x00000000c4d00000, 0x00000000c4d00000|100%| O|  |TAMS 0x00000000c4c00000, 0x00000000c4c00000| Untracked 
|  33|0x00000000c4d00000, 0x00000000c4de2600, 0x00000000c4e00000| 88%| O|  |TAMS 0x00000000c4d00000, 0x00000000c4d00000| Untracked 
|  34|0x00000000c4e00000, 0x00000000c4e00000, 0x00000000c4f00000|  0%| F|  |TAMS 0x00000000c4e00000, 0x00000000c4e00000| Untracked 
|  35|0x00000000c4f00000, 0x00000000c4f00000, 0x00000000c5000000|  0%| F|  |TAMS 0x00000000c4f00000, 0x00000000c4f00000| Untracked 
|  36|0x00000000c5000000, 0x00000000c5000000, 0x00000000c5100000|  0%| F|  |TAMS 0x00000000c5000000, 0x00000000c5000000| Untracked 
|  37|0x00000000c5100000, 0x00000000c5100000, 0x00000000c5200000|  0%| F|  |TAMS 0x00000000c5100000, 0x00000000c5100000| Untracked 
|  38|0x00000000c5200000, 0x00000000c5200000, 0x00000000c5300000|  0%| F|  |TAMS 0x00000000c5200000, 0x00000000c5200000| Untracked 
|  39|0x00000000c5300000, 0x00000000c5300000, 0x00000000c5400000|  0%| F|  |TAMS 0x00000000c5300000, 0x00000000c5300000| Untracked 
|  40|0x00000000c5400000, 0x00000000c5400000, 0x00000000c5500000|  0%| F|  |TAMS 0x00000000c5400000, 0x00000000c5400000| Untracked 
|  41|0x00000000c5500000, 0x00000000c5500000, 0x00000000c5600000|  0%| F|  |TAMS 0x00000000c5500000, 0x00000000c5500000| Untracked 
|  42|0x00000000c5600000, 0x00000000c5600000, 0x00000000c5700000|  0%| F|  |TAMS 0x00000000c5600000, 0x00000000c5600000| Untracked 
|  43|0x00000000c5700000, 0x00000000c5700000, 0x00000000c5800000|  0%| F|  |TAMS 0x00000000c5700000, 0x00000000c5700000| Untracked 
|  44|0x00000000c5800000, 0x00000000c5800000, 0x00000000c5900000|  0%| F|  |TAMS 0x00000000c5800000, 0x00000000c5800000| Untracked 
|  45|0x00000000c5900000, 0x00000000c5900000, 0x00000000c5a00000|  0%| F|  |TAMS 0x00000000c5900000, 0x00000000c5900000| Untracked 
|  46|0x00000000c5a00000, 0x00000000c5a00000, 0x00000000c5b00000|  0%| F|  |TAMS 0x00000000c5a00000, 0x00000000c5a00000| Untracked 
|  47|0x00000000c5b00000, 0x00000000c5b00000, 0x00000000c5c00000|  0%| F|  |TAMS 0x00000000c5b00000, 0x00000000c5b00000| Untracked 
|  48|0x00000000c5c00000, 0x00000000c5c00000, 0x00000000c5d00000|  0%| F|  |TAMS 0x00000000c5c00000, 0x00000000c5c00000| Untracked 
|  49|0x00000000c5d00000, 0x00000000c5d00000, 0x00000000c5e00000|  0%| F|  |TAMS 0x00000000c5d00000, 0x00000000c5d00000| Untracked 
|  50|0x00000000c5e00000, 0x00000000c5e00000, 0x00000000c5f00000|  0%| F|  |TAMS 0x00000000c5e00000, 0x00000000c5e00000| Untracked 
|  51|0x00000000c5f00000, 0x00000000c5fefc08, 0x00000000c6000000| 93%| S|CS|TAMS 0x00000000c5f00000, 0x00000000c5f00000| Complete 
|  52|0x00000000c6000000, 0x00000000c6100000, 0x00000000c6100000|100%| S|CS|TAMS 0x00000000c6000000, 0x00000000c6000000| Complete 
|  53|0x00000000c6100000, 0x00000000c6100000, 0x00000000c6200000|  0%| F|  |TAMS 0x00000000c6100000, 0x00000000c6100000| Untracked 
|  54|0x00000000c6200000, 0x00000000c6200000, 0x00000000c6300000|  0%| F|  |TAMS 0x00000000c6200000, 0x00000000c6200000| Untracked 
|  55|0x00000000c6300000, 0x00000000c6300000, 0x00000000c6400000|  0%| F|  |TAMS 0x00000000c6300000, 0x00000000c6300000| Untracked 
|  56|0x00000000c6400000, 0x00000000c6400000, 0x00000000c6500000|  0%| F|  |TAMS 0x00000000c6400000, 0x00000000c6400000| Untracked 
|  57|0x00000000c6500000, 0x00000000c6500000, 0x00000000c6600000|  0%| F|  |TAMS 0x00000000c6500000, 0x00000000c6500000| Untracked 
|  58|0x00000000c6600000, 0x00000000c6680000, 0x00000000c6700000| 50%| E|  |TAMS 0x00000000c6600000, 0x00000000c6600000| Complete 
|  59|0x00000000c6700000, 0x00000000c6800000, 0x00000000c6800000|100%| E|CS|TAMS 0x00000000c6700000, 0x00000000c6700000| Complete 
|  60|0x00000000c6800000, 0x00000000c6900000, 0x00000000c6900000|100%| E|CS|TAMS 0x00000000c6800000, 0x00000000c6800000| Complete 
|  61|0x00000000c6900000, 0x00000000c6a00000, 0x00000000c6a00000|100%| E|CS|TAMS 0x00000000c6900000, 0x00000000c6900000| Complete 
|  62|0x00000000c6a00000, 0x00000000c6b00000, 0x00000000c6b00000|100%| E|CS|TAMS 0x00000000c6a00000, 0x00000000c6a00000| Complete 
|  63|0x00000000c6b00000, 0x00000000c6c00000, 0x00000000c6c00000|100%| E|CS|TAMS 0x00000000c6b00000, 0x00000000c6b00000| Complete 
|  64|0x00000000c6c00000, 0x00000000c6d00000, 0x00000000c6d00000|100%| E|CS|TAMS 0x00000000c6c00000, 0x00000000c6c00000| Complete 
|  65|0x00000000c6d00000, 0x00000000c6e00000, 0x00000000c6e00000|100%| E|CS|TAMS 0x00000000c6d00000, 0x00000000c6d00000| Complete 
|  66|0x00000000c6e00000, 0x00000000c6f00000, 0x00000000c6f00000|100%| E|CS|TAMS 0x00000000c6e00000, 0x00000000c6e00000| Complete 
|  67|0x00000000c6f00000, 0x00000000c7000000, 0x00000000c7000000|100%| E|CS|TAMS 0x00000000c6f00000, 0x00000000c6f00000| Complete 
|  68|0x00000000c7000000, 0x00000000c7100000, 0x00000000c7100000|100%| E|CS|TAMS 0x00000000c7000000, 0x00000000c7000000| Complete 
|  69|0x00000000c7100000, 0x00000000c7200000, 0x00000000c7200000|100%| E|CS|TAMS 0x00000000c7100000, 0x00000000c7100000| Complete 
|  70|0x00000000c7200000, 0x00000000c7300000, 0x00000000c7300000|100%| E|CS|TAMS 0x00000000c7200000, 0x00000000c7200000| Complete 
|  71|0x00000000c7300000, 0x00000000c7400000, 0x00000000c7400000|100%| E|CS|TAMS 0x00000000c7300000, 0x00000000c7300000| Complete 
|  72|0x00000000c7400000, 0x00000000c7500000, 0x00000000c7500000|100%| E|CS|TAMS 0x00000000c7400000, 0x00000000c7400000| Complete 
|  73|0x00000000c7500000, 0x00000000c7600000, 0x00000000c7600000|100%| E|CS|TAMS 0x00000000c7500000, 0x00000000c7500000| Complete 
|  74|0x00000000c7600000, 0x00000000c7700000, 0x00000000c7700000|100%| E|CS|TAMS 0x00000000c7600000, 0x00000000c7600000| Complete 
|  75|0x00000000c7700000, 0x00000000c7800000, 0x00000000c7800000|100%| E|CS|TAMS 0x00000000c7700000, 0x00000000c7700000| Complete 
|  76|0x00000000c7800000, 0x00000000c7900000, 0x00000000c7900000|100%| E|CS|TAMS 0x00000000c7800000, 0x00000000c7800000| Complete 
|  77|0x00000000c7900000, 0x00000000c7a00000, 0x00000000c7a00000|100%| E|CS|TAMS 0x00000000c7900000, 0x00000000c7900000| Complete 
|  78|0x00000000c7a00000, 0x00000000c7b00000, 0x00000000c7b00000|100%| E|CS|TAMS 0x00000000c7a00000, 0x00000000c7a00000| Complete 
|  79|0x00000000c7b00000, 0x00000000c7c00000, 0x00000000c7c00000|100%| E|CS|TAMS 0x00000000c7b00000, 0x00000000c7b00000| Complete 
|  80|0x00000000c7c00000, 0x00000000c7d00000, 0x00000000c7d00000|100%| E|CS|TAMS 0x00000000c7c00000, 0x00000000c7c00000| Complete 
|  81|0x00000000c7d00000, 0x00000000c7e00000, 0x00000000c7e00000|100%| E|CS|TAMS 0x00000000c7d00000, 0x00000000c7d00000| Complete 
|  82|0x00000000c7e00000, 0x00000000c7f00000, 0x00000000c7f00000|100%| E|CS|TAMS 0x00000000c7e00000, 0x00000000c7e00000| Complete 
|  83|0x00000000c7f00000, 0x00000000c8000000, 0x00000000c8000000|100%| E|CS|TAMS 0x00000000c7f00000, 0x00000000c7f00000| Complete 
|  84|0x00000000c8000000, 0x00000000c8100000, 0x00000000c8100000|100%| E|CS|TAMS 0x00000000c8000000, 0x00000000c8000000| Complete 
|  85|0x00000000c8100000, 0x00000000c8200000, 0x00000000c8200000|100%| E|CS|TAMS 0x00000000c8100000, 0x00000000c8100000| Complete 
|  86|0x00000000c8200000, 0x00000000c8300000, 0x00000000c8300000|100%| E|CS|TAMS 0x00000000c8200000, 0x00000000c8200000| Complete 
|  87|0x00000000c8300000, 0x00000000c8400000, 0x00000000c8400000|100%| E|CS|TAMS 0x00000000c8300000, 0x00000000c8300000| Complete 
|  88|0x00000000c8400000, 0x00000000c8500000, 0x00000000c8500000|100%| E|CS|TAMS 0x00000000c8400000, 0x00000000c8400000| Complete 
|  89|0x00000000c8500000, 0x00000000c8600000, 0x00000000c8600000|100%| E|CS|TAMS 0x00000000c8500000, 0x00000000c8500000| Complete 

Card table byte_map: [0x0000016860610000,0x0000016860800000] _byte_map_base: 0x000001685fffa000

Marking Bits (Prev, Next): (CMBitMap*) 0x00000168608bd1b0, (CMBitMap*) 0x00000168608bd1f0
 Prev Bits: [0x0000016877590000, 0x00000168784e0000)
 Next Bits: [0x00000168784e0000, 0x0000016879430000)

Polling page: 0x000001685e790000

Metaspace:

Usage:
  Non-class:      5.72 MB used.
      Class:    654.53 KB used.
       Both:      6.36 MB used.

Virtual space:
  Non-class space:       64.00 MB reserved,       5.81 MB (  9%) committed,  1 nodes.
      Class space:        1.00 GB reserved,     768.00 KB ( <1%) committed,  1 nodes.
             Both:        1.06 GB reserved,       6.56 MB ( <1%) committed. 

Chunk freelists:
   Non-Class:  9.95 MB
       Class:  15.11 MB
        Both:  25.06 MB

MaxMetaspaceSize: unlimited
CompressedClassSpaceSize: 1.00 GB
Initial GC threshold: 21.00 MB
Current GC threshold: 21.00 MB
CDS: on
MetaspaceReclaimPolicy: balanced
 - commit_granule_bytes: 65536.
 - commit_granule_words: 8192.
 - virtual_space_node_default_size: 8388608.
 - enlarge_chunks_in_place: 1.
 - new_chunks_are_fully_committed: 0.
 - uncommit_free_chunks: 1.
 - use_allocation_guard: 0.
 - handle_deallocations: 1.


Internal statistics:

num_allocs_failed_limit: 0.
num_arena_births: 158.
num_arena_deaths: 0.
num_vsnodes_births: 2.
num_vsnodes_deaths: 0.
num_space_committed: 105.
num_space_uncommitted: 0.
num_chunks_returned_to_freelist: 0.
num_chunks_taken_from_freelist: 281.
num_chunk_merges: 0.
num_chunk_splits: 170.
num_chunks_enlarged: 106.
num_inconsistent_stats: 0.

CodeHeap 'non-profiled nmethods': size=120064Kb used=1257Kb max_used=1257Kb free=118806Kb
 bounds [0x000001686fe60000, 0x00000168700d0000, 0x00000168773a0000]
CodeHeap 'profiled nmethods': size=120000Kb used=4285Kb max_used=4285Kb free=115714Kb
 bounds [0x00000168683a0000, 0x00000168687d0000, 0x000001686f8d0000]
CodeHeap 'non-nmethods': size=5696Kb used=1159Kb max_used=1208Kb free=4536Kb
 bounds [0x000001686f8d0000, 0x000001686fb40000, 0x000001686fe60000]
 total_blobs=2970 nmethods=2526 adapters=357
 compilation: enabled
              stopped_count=0, restarted_count=0
 full_count=0

Compilation events (20 events):
Event: 7.015 Thread 0x000001687b79b630 2532       2       java.lang.System::checkKey (34 bytes)
Event: 7.015 Thread 0x000001687b79b630 nmethod 2532 0x00000168687b6190 code [0x00000168687b6340, 0x00000168687b65d8]
Event: 7.015 Thread 0x000001687b79b630 2533       2       java.lang.ProcessEnvironment$NameComparator::compare (90 bytes)
Event: 7.016 Thread 0x000001687b79b630 nmethod 2533 0x00000168687b6710 code [0x00000168687b6940, 0x00000168687b6ef8]
Event: 7.016 Thread 0x000001687b79b630 2534       2       java.lang.System::getProperty (25 bytes)
Event: 7.017 Thread 0x000001687b79b630 nmethod 2534 0x00000168687b7490 code [0x00000168687b7660, 0x00000168687b7978]
Event: 7.017 Thread 0x000001687b79b630 2535   !   2       org.apache.logging.log4j.util.SystemPropertiesPropertySource::getProperty (12 bytes)
Event: 7.017 Thread 0x000001687b79b630 nmethod 2535 0x00000168687b7b10 code [0x00000168687b7ce0, 0x00000168687b7ee8]
Event: 7.023 Thread 0x000001687b79b630 2537       2       java.lang.String::split (7 bytes)
Event: 7.023 Thread 0x000001687b79b630 nmethod 2537 0x00000168687b8010 code [0x00000168687b81a0, 0x00000168687b82c8]
Event: 7.023 Thread 0x000001687b79b630 2538       2       java.lang.Character::getType (9 bytes)
Event: 7.023 Thread 0x000001687b79b630 nmethod 2538 0x00000168687b8390 code [0x00000168687b8540, 0x00000168687b8678]
Event: 7.024 Thread 0x000001687b79b630 2539       2       jdk.internal.org.objectweb.asm.ClassWriter::visit (160 bytes)
Event: 7.025 Thread 0x000001687b79b630 nmethod 2539 0x00000168687b8710 code [0x00000168687b8900, 0x00000168687b8dd8]
Event: 7.025 Thread 0x000001687b79b630 2541       2       jdk.internal.org.objectweb.asm.ClassWriter::toByteArray (1515 bytes)
Event: 7.030 Thread 0x000001687b79b630 nmethod 2541 0x00000168687b9110 code [0x00000168687b9840, 0x00000168687bb958]
Event: 7.030 Thread 0x000001687b79b630 2542       2       java.lang.Character::isLetterOrDigit (5 bytes)
Event: 7.030 Thread 0x000001687b79b630 nmethod 2542 0x00000168687bd790 code [0x00000168687bd940, 0x00000168687bda98]
Event: 7.030 Thread 0x000001687b79b630 2540       2       jdk.internal.org.objectweb.asm.SymbolTable::setMajorVersionAndClassName (19 bytes)
Event: 7.031 Thread 0x000001687b79b630 nmethod 2540 0x00000168687bdb90 code [0x00000168687bdd40, 0x00000168687bdec8]

GC Heap History (20 events):
Event: 3.864 GC heap before
{Heap before GC invocations=5 (full 0):
 garbage-first heap   total 63488K, used 43172K [0x00000000c2c00000, 0x0000000100000000)
  region size 1024K, 28 young (28672K), 4 survivors (4096K)
 Metaspace       used 4910K, committed 5120K, reserved 1114112K
  class space    used 474K, committed 576K, reserved 1048576K
}
Event: 3.872 GC heap after
{Heap after GC invocations=6 (full 0):
 garbage-first heap   total 63488K, used 21301K [0x00000000c2c00000, 0x0000000100000000)
  region size 1024K, 2 young (2048K), 2 survivors (2048K)
 Metaspace       used 4910K, committed 5120K, reserved 1114112K
  class space    used 474K, committed 576K, reserved 1048576K
}
Event: 4.004 GC heap before
{Heap before GC invocations=6 (full 0):
 garbage-first heap   total 63488K, used 44853K [0x00000000c2c00000, 0x0000000100000000)
  region size 1024K, 25 young (25600K), 2 survivors (2048K)
 Metaspace       used 4910K, committed 5120K, reserved 1114112K
  class space    used 474K, committed 576K, reserved 1048576K
}
Event: 4.009 GC heap after
{Heap after GC invocations=7 (full 0):
 garbage-first heap   total 76800K, used 23187K [0x00000000c2c00000, 0x0000000100000000)
  region size 1024K, 4 young (4096K), 4 survivors (4096K)
 Metaspace       used 4910K, committed 5120K, reserved 1114112K
  class space    used 474K, committed 576K, reserved 1048576K
}
Event: 4.201 GC heap before
{Heap before GC invocations=7 (full 0):
 garbage-first heap   total 76800K, used 50835K [0x00000000c2c00000, 0x0000000100000000)
  region size 1024K, 31 young (31744K), 4 survivors (4096K)
 Metaspace       used 4912K, committed 5120K, reserved 1114112K
  class space    used 474K, committed 576K, reserved 1048576K
}
Event: 4.206 GC heap after
{Heap after GC invocations=8 (full 0):
 garbage-first heap   total 76800K, used 23469K [0x00000000c2c00000, 0x0000000100000000)
  region size 1024K, 3 young (3072K), 3 survivors (3072K)
 Metaspace       used 4912K, committed 5120K, reserved 1114112K
  class space    used 474K, committed 576K, reserved 1048576K
}
Event: 4.779 GC heap before
{Heap before GC invocations=8 (full 0):
 garbage-first heap   total 76800K, used 53165K [0x00000000c2c00000, 0x0000000100000000)
  region size 1024K, 32 young (32768K), 3 survivors (3072K)
 Metaspace       used 5003K, committed 5184K, reserved 1114112K
  class space    used 474K, committed 576K, reserved 1048576K
}
Event: 4.784 GC heap after
{Heap after GC invocations=9 (full 0):
 garbage-first heap   total 76800K, used 24865K [0x00000000c2c00000, 0x0000000100000000)
  region size 1024K, 4 young (4096K), 4 survivors (4096K)
 Metaspace       used 5003K, committed 5184K, reserved 1114112K
  class space    used 474K, committed 576K, reserved 1048576K
}
Event: 5.152 GC heap before
{Heap before GC invocations=9 (full 0):
 garbage-first heap   total 76800K, used 57633K [0x00000000c2c00000, 0x0000000100000000)
  region size 1024K, 36 young (36864K), 4 survivors (4096K)
 Metaspace       used 5071K, committed 5312K, reserved 1114112K
  class space    used 483K, committed 640K, reserved 1048576K
}
Event: 5.159 GC heap after
{Heap after GC invocations=10 (full 0):
 garbage-first heap   total 76800K, used 26629K [0x00000000c2c00000, 0x0000000100000000)
  region size 1024K, 4 young (4096K), 4 survivors (4096K)
 Metaspace       used 5071K, committed 5312K, reserved 1114112K
  class space    used 483K, committed 640K, reserved 1048576K
}
Event: 5.430 GC heap before
{Heap before GC invocations=10 (full 0):
 garbage-first heap   total 76800K, used 57349K [0x00000000c2c00000, 0x0000000100000000)
  region size 1024K, 34 young (34816K), 4 survivors (4096K)
 Metaspace       used 5116K, committed 5376K, reserved 1114112K
  class space    used 484K, committed 640K, reserved 1048576K
}
Event: 5.438 GC heap after
{Heap after GC invocations=11 (full 0):
 garbage-first heap   total 76800K, used 29937K [0x00000000c2c00000, 0x0000000100000000)
  region size 1024K, 5 young (5120K), 5 survivors (5120K)
 Metaspace       used 5116K, committed 5376K, reserved 1114112K
  class space    used 484K, committed 640K, reserved 1048576K
}
Event: 5.688 GC heap before
{Heap before GC invocations=11 (full 0):
 garbage-first heap   total 76800K, used 57585K [0x00000000c2c00000, 0x0000000100000000)
  region size 1024K, 32 young (32768K), 5 survivors (5120K)
 Metaspace       used 5123K, committed 5376K, reserved 1114112K
  class space    used 484K, committed 640K, reserved 1048576K
}
Event: 5.695 GC heap after
{Heap after GC invocations=12 (full 0):
 garbage-first heap   total 92160K, used 30602K [0x00000000c2c00000, 0x0000000100000000)
  region size 1024K, 2 young (2048K), 2 survivors (2048K)
 Metaspace       used 5123K, committed 5376K, reserved 1114112K
  class space    used 484K, committed 640K, reserved 1048576K
}
Event: 5.885 GC heap before
{Heap before GC invocations=12 (full 0):
 garbage-first heap   total 92160K, used 73610K [0x00000000c2c00000, 0x0000000100000000)
  region size 1024K, 42 young (43008K), 2 survivors (2048K)
 Metaspace       used 5127K, committed 5376K, reserved 1114112K
  class space    used 484K, committed 640K, reserved 1048576K
}
Event: 5.891 GC heap after
{Heap after GC invocations=13 (full 0):
 garbage-first heap   total 92160K, used 35364K [0x00000000c2c00000, 0x0000000100000000)
  region size 1024K, 4 young (4096K), 4 survivors (4096K)
 Metaspace       used 5127K, committed 5376K, reserved 1114112K
  class space    used 484K, committed 640K, reserved 1048576K
}
Event: 6.025 GC heap before
{Heap before GC invocations=13 (full 0):
 garbage-first heap   total 92160K, used 72228K [0x00000000c2c00000, 0x0000000100000000)
  region size 1024K, 40 young (40960K), 4 survivors (4096K)
 Metaspace       used 5127K, committed 5376K, reserved 1114112K
  class space    used 484K, committed 640K, reserved 1048576K
}
Event: 6.029 GC heap after
{Heap after GC invocations=14 (full 0):
 garbage-first heap   total 92160K, used 35389K [0x00000000c2c00000, 0x0000000100000000)
  region size 1024K, 1 young (1024K), 1 survivors (1024K)
 Metaspace       used 5127K, committed 5376K, reserved 1114112K
  class space    used 484K, committed 640K, reserved 1048576K
}
Event: 6.354 GC heap before
{Heap before GC invocations=14 (full 0):
 garbage-first heap   total 92160K, used 72253K [0x00000000c2c00000, 0x0000000100000000)
  region size 1024K, 37 young (37888K), 1 survivors (1024K)
 Metaspace       used 5153K, committed 5376K, reserved 1114112K
  class space    used 484K, committed 640K, reserved 1048576K
}
Event: 6.357 GC heap after
{Heap after GC invocations=15 (full 0):
 garbage-first heap   total 92160K, used 36680K [0x00000000c2c00000, 0x0000000100000000)
  region size 1024K, 2 young (2048K), 2 survivors (2048K)
 Metaspace       used 5153K, committed 5376K, reserved 1114112K
  class space    used 484K, committed 640K, reserved 1048576K
}

Dll operation events (7 events):
Event: 0.009 Loaded shared library C:\Users\Tablos\.gradle\jdks\eclipse_adoptium-17-amd64-windows\jdk-17.0.14+7\bin\java.dll
Event: 0.037 Loaded shared library C:\Users\Tablos\.gradle\jdks\eclipse_adoptium-17-amd64-windows\jdk-17.0.14+7\bin\jsvml.dll
Event: 0.335 Loaded shared library C:\Users\Tablos\.gradle\jdks\eclipse_adoptium-17-amd64-windows\jdk-17.0.14+7\bin\net.dll
Event: 0.337 Loaded shared library C:\Users\Tablos\.gradle\jdks\eclipse_adoptium-17-amd64-windows\jdk-17.0.14+7\bin\nio.dll
Event: 0.341 Loaded shared library C:\Users\Tablos\.gradle\jdks\eclipse_adoptium-17-amd64-windows\jdk-17.0.14+7\bin\zip.dll
Event: 0.629 Loaded shared library C:\Users\Tablos\.gradle\jdks\eclipse_adoptium-17-amd64-windows\jdk-17.0.14+7\bin\jimage.dll
Event: 2.703 Loaded shared library C:\Users\Tablos\.gradle\jdks\eclipse_adoptium-17-amd64-windows\jdk-17.0.14+7\bin\verify.dll

Deoptimization events (20 events):
Event: 6.976 Thread 0x0000016860883d60 Uncommon trap: trap_request=0xffffffde fr.pc=0x000001686ff7316c relative=0x000000000000014c
Event: 6.976 Thread 0x0000016860883d60 Uncommon trap: reason=class_check action=maybe_recompile pc=0x000001686ff7316c method=java.util.stream.StreamOpFlag.fromCharacteristics(Ljava/util/Spliterator;)I @ 14 c2
Event: 6.976 Thread 0x0000016860883d60 DEOPT PACKING pc=0x000001686ff7316c sp=0x00000024bc2fbd60
Event: 6.976 Thread 0x0000016860883d60 DEOPT UNPACKING pc=0x000001686f92699d sp=0x00000024bc2fbca0 mode 2
Event: 6.979 Thread 0x0000016860883d60 Uncommon trap: trap_request=0xffffffc6 fr.pc=0x000001686ff89f74 relative=0x0000000000001354
Event: 6.979 Thread 0x0000016860883d60 Uncommon trap: reason=bimorphic_or_optimized_type_check action=maybe_recompile pc=0x000001686ff89f74 method=java.util.HashMap.putVal(ILjava/lang/Object;Ljava/lang/Object;ZZ)Ljava/lang/Object; @ 56 c2
Event: 6.979 Thread 0x0000016860883d60 DEOPT PACKING pc=0x000001686ff89f74 sp=0x00000024bc2fad30
Event: 6.979 Thread 0x0000016860883d60 DEOPT UNPACKING pc=0x000001686f92699d sp=0x00000024bc2faca8 mode 2
Event: 6.979 Thread 0x0000016860883d60 Uncommon trap: trap_request=0xffffffc6 fr.pc=0x000001686ff89f74 relative=0x0000000000001354
Event: 6.979 Thread 0x0000016860883d60 Uncommon trap: reason=bimorphic_or_optimized_type_check action=maybe_recompile pc=0x000001686ff89f74 method=java.util.HashMap.putVal(ILjava/lang/Object;Ljava/lang/Object;ZZ)Ljava/lang/Object; @ 56 c2
Event: 6.979 Thread 0x0000016860883d60 DEOPT PACKING pc=0x000001686ff89f74 sp=0x00000024bc2fad30
Event: 6.979 Thread 0x0000016860883d60 DEOPT UNPACKING pc=0x000001686f92699d sp=0x00000024bc2faca8 mode 2
Event: 7.009 Thread 0x0000016860883d60 Uncommon trap: trap_request=0xffffffde fr.pc=0x000001686ff5c44c relative=0x00000000000000ac
Event: 7.009 Thread 0x0000016860883d60 Uncommon trap: reason=class_check action=maybe_recompile pc=0x000001686ff5c44c method=java.lang.invoke.MethodHandle.asType(Ljava/lang/invoke/MethodType;)Ljava/lang/invoke/MethodHandle; @ 24 c2
Event: 7.009 Thread 0x0000016860883d60 DEOPT PACKING pc=0x000001686ff5c44c sp=0x00000024bc2fd230
Event: 7.009 Thread 0x0000016860883d60 DEOPT UNPACKING pc=0x000001686f92699d sp=0x00000024bc2fd1d0 mode 2
Event: 7.014 Thread 0x0000016860883d60 Uncommon trap: trap_request=0xffffffde fr.pc=0x000001686ff7316c relative=0x000000000000014c
Event: 7.014 Thread 0x0000016860883d60 Uncommon trap: reason=class_check action=maybe_recompile pc=0x000001686ff7316c method=java.util.stream.StreamOpFlag.fromCharacteristics(Ljava/util/Spliterator;)I @ 14 c2
Event: 7.014 Thread 0x0000016860883d60 DEOPT PACKING pc=0x000001686ff7316c sp=0x00000024bc2fd610
Event: 7.014 Thread 0x0000016860883d60 DEOPT UNPACKING pc=0x000001686f92699d sp=0x00000024bc2fd550 mode 2

Classes loaded (20 events):
Event: 6.988 Loading class java/util/concurrent/ConcurrentSkipListMap$KeySet
Event: 6.988 Loading class java/util/concurrent/ConcurrentSkipListMap$KeySet done
Event: 6.988 Loading class java/util/concurrent/ConcurrentSkipListMap$KeyIterator
Event: 6.988 Loading class java/util/concurrent/ConcurrentSkipListMap$Iter
Event: 6.988 Loading class java/util/concurrent/ConcurrentSkipListMap$Iter done
Event: 6.988 Loading class java/util/concurrent/ConcurrentSkipListMap$KeyIterator done
Event: 6.988 Loading class java/util/regex/Pattern$1
Event: 6.989 Loading class java/util/regex/Pattern$1 done
Event: 7.021 Loading class java/util/concurrent/ConcurrentLinkedQueue
Event: 7.022 Loading class java/util/AbstractQueue
Event: 7.022 Loading class java/util/AbstractQueue done
Event: 7.022 Loading class java/util/concurrent/ConcurrentLinkedQueue done
Event: 7.022 Loading class java/util/concurrent/ConcurrentLinkedQueue$Node
Event: 7.022 Loading class java/util/concurrent/ConcurrentLinkedQueue$Node done
Event: 7.025 Loading class java/lang/ThreadLocal$SuppliedThreadLocal
Event: 7.025 Loading class java/lang/ThreadLocal$SuppliedThreadLocal done
Event: 7.027 Loading class java/lang/CloneNotSupportedException
Event: 7.027 Loading class java/lang/CloneNotSupportedException done
Event: 7.029 Loading class java/util/RegularEnumSet$EnumSetIterator
Event: 7.030 Loading class java/util/RegularEnumSet$EnumSetIterator done

Classes unloaded (0 events):
No events

Classes redefined (0 events):
No events

Internal exceptions (20 events):
Event: 0.528 Thread 0x0000016860883d60 Exception <a 'java/lang/IncompatibleClassChangeError'{0x00000000c68fef30}: Found class java.lang.Object, but interface was expected> (0x00000000c68fef30) 
thrown [s\src\hotspot\share\interpreter\linkResolver.cpp, line 826]
Event: 0.529 Thread 0x0000016860883d60 Exception <a 'java/lang/NoSuchMethodError'{0x00000000c6701fb8}: 'void java.lang.invoke.DirectMethodHandle$Holder.invokeStatic(java.lang.Object, java.lang.Object, java.lang.Object, java.lang.Object)'> (0x00000000c6701fb8) 
thrown [s\src\hotspot\share\interpreter\linkResolver.cpp, line 759]
Event: 1.816 Thread 0x0000016860883d60 Exception <a 'java/lang/NoSuchMethodError'{0x00000000c6782c70}: 'int java.lang.invoke.DirectMethodHandle$Holder.invokeStaticInit(java.lang.Object, java.lang.Object)'> (0x00000000c6782c70) 
thrown [s\src\hotspot\share\interpreter\linkResolver.cpp, line 759]
Event: 1.818 Thread 0x0000016860883d60 Exception <a 'java/lang/NoSuchMethodError'{0x00000000c6788c10}: 'java.lang.Object java.lang.invoke.DirectMethodHandle$Holder.invokeStaticInit(java.lang.Object)'> (0x00000000c6788c10) 
thrown [s\src\hotspot\share\interpreter\linkResolver.cpp, line 759]
Event: 1.986 Thread 0x0000016860883d60 Exception <a 'java/lang/NoSuchMethodError'{0x00000000c660a8e0}: 'java.lang.Object java.lang.invoke.DirectMethodHandle$Holder.invokeStatic(java.lang.Object, java.lang.Object, int)'> (0x00000000c660a8e0) 
thrown [s\src\hotspot\share\interpreter\linkResolver.cpp, line 759]
Event: 2.047 Thread 0x0000016860883d60 Exception <a 'java/lang/NoSuchMethodError'{0x00000000c6639cb0}: 'java.lang.Object java.lang.invoke.Invokers$Holder.invoke_MT(java.lang.Object, java.lang.Object, java.lang.Object)'> (0x00000000c6639cb0) 
thrown [s\src\hotspot\share\interpreter\linkResolver.cpp, line 759]
Event: 2.050 Thread 0x0000016860883d60 Exception <a 'java/lang/NoSuchMethodError'{0x00000000c6645128}: 'void java.lang.invoke.Invokers$Holder.invoke_MT(java.lang.Object, java.lang.Object, java.lang.Object)'> (0x00000000c6645128) 
thrown [s\src\hotspot\share\interpreter\linkResolver.cpp, line 759]
Event: 2.257 Thread 0x0000016860883d60 Exception <a 'java/lang/NoSuchMethodError'{0x00000000c66831b0}: 'int java.lang.invoke.DirectMethodHandle$Holder.invokeSpecial(java.lang.Object, java.lang.Object, java.lang.Object)'> (0x00000000c66831b0) 
thrown [s\src\hotspot\share\interpreter\linkResolver.cpp, line 759]
Event: 2.258 Thread 0x0000016860883d60 Exception <a 'java/lang/NoSuchMethodError'{0x00000000c6686a58}: 'int java.lang.invoke.Invokers$Holder.invoke_MT(java.lang.Object, java.lang.Object, java.lang.Object)'> (0x00000000c6686a58) 
thrown [s\src\hotspot\share\interpreter\linkResolver.cpp, line 759]
Event: 2.263 Thread 0x0000016860883d60 Exception <a 'java/lang/NoSuchMethodError'{0x00000000c669d998}: 'java.lang.Object java.lang.invoke.DirectMethodHandle$Holder.newInvokeSpecial(java.lang.Object, int, java.lang.Object)'> (0x00000000c669d998) 
thrown [s\src\hotspot\share\interpreter\linkResolver.cpp, line 759]
Event: 2.265 Thread 0x0000016860883d60 Exception <a 'java/lang/NoSuchMethodError'{0x00000000c66a5af0}: 'int java.lang.invoke.DirectMethodHandle$Holder.invokeVirtual(java.lang.Object, java.lang.Object, java.lang.Object)'> (0x00000000c66a5af0) 
thrown [s\src\hotspot\share\interpreter\linkResolver.cpp, line 759]
Event: 2.290 Thread 0x0000016860883d60 Exception <a 'java/lang/NoSuchMethodError'{0x00000000c66b8270}: 'void java.lang.invoke.DirectMethodHandle$Holder.invokeVirtual(java.lang.Object, java.lang.Object)'> (0x00000000c66b8270) 
thrown [s\src\hotspot\share\interpreter\linkResolver.cpp, line 759]
Event: 2.335 Thread 0x0000016860883d60 Exception <a 'java/lang/NoSuchMethodError'{0x00000000c646b3c8}: 'void java.lang.invoke.DirectMethodHandle$Holder.invokeStatic(java.lang.Object, java.lang.Object)'> (0x00000000c646b3c8) 
thrown [s\src\hotspot\share\interpreter\linkResolver.cpp, line 759]
Event: 4.829 Thread 0x0000016860883d60 Exception <a 'java/lang/NoSuchMethodError'{0x00000000c7429bd0}: 'int java.lang.invoke.DirectMethodHandle$Holder.invokeStatic(java.lang.Object, java.lang.Object, java.lang.Object, java.lang.Object)'> (0x00000000c7429bd0) 
thrown [s\src\hotspot\share\interpreter\linkResolver.cpp, line 759]
Event: 4.829 Thread 0x0000016860883d60 Exception <a 'java/lang/NoSuchMethodError'{0x00000000c742d2a8}: 'java.lang.Object java.lang.invoke.Invokers$Holder.invokeExact_MT(java.lang.Object, java.lang.Object, java.lang.Object, java.lang.Object, java.lang.Object, java.lang.Object)'> (0x00000000c742d2a8) 
thrown [s\src\hotspot\share\interpreter\linkResolver.cpp, line 759]
Event: 6.502 Thread 0x0000016860883d60 Implicit null exception at 0x000001686ff7a33e to 0x000001686ff7b404
Event: 6.950 Thread 0x0000016860883d60 Exception <a 'java/lang/NoSuchMethodError'{0x00000000c6b762d8}: 'void java.lang.invoke.DelegatingMethodHandle$Holder.delegate(java.lang.Object, java.lang.Object, int, java.lang.Object)'> (0x00000000c6b762d8) 
thrown [s\src\hotspot\share\interpreter\linkResolver.cpp, line 759]
Event: 6.976 Thread 0x0000016860883d60 Exception <a 'java/lang/IncompatibleClassChangeError'{0x00000000c6a2f0b0}: Found class java.lang.Object, but interface was expected> (0x00000000c6a2f0b0) 
thrown [s\src\hotspot\share\interpreter\linkResolver.cpp, line 826]
Event: 6.987 Thread 0x0000016860883d60 Exception <a 'java/lang/NoSuchMethodError'{0x00000000c6a57178}: 'java.lang.Object java.lang.invoke.DirectMethodHandle$Holder.newInvokeSpecial(java.lang.Object, java.lang.Object, java.lang.Object, int, java.lang.Object)'> (0x00000000c6a57178) 
thrown [s\src\hotspot\share\interpreter\linkResolver.cpp, line 759]
Event: 6.987 Thread 0x0000016860883d60 Exception <a 'java/lang/NoSuchMethodError'{0x00000000c6a5ed38}: 'java.lang.Object java.lang.invoke.Invokers$Holder.linkToTargetMethod(java.lang.Object, java.lang.Object, int, java.lang.Object, java.lang.Object)'> (0x00000000c6a5ed38) 
thrown [s\src\hotspot\share\interpreter\linkResolver.cpp, line 759]

VM Operations (20 events):
Event: 5.885 Executing VM operation: G1CollectForAllocation
Event: 5.891 Executing VM operation: G1CollectForAllocation done
Event: 6.025 Executing VM operation: G1CollectForAllocation
Event: 6.029 Executing VM operation: G1CollectForAllocation done
Event: 6.354 Executing VM operation: G1CollectForAllocation
Event: 6.357 Executing VM operation: G1CollectForAllocation done
Event: 6.476 Executing VM operation: HandshakeAllThreads
Event: 6.476 Executing VM operation: HandshakeAllThreads done
Event: 6.494 Executing VM operation: HandshakeAllThreads
Event: 6.494 Executing VM operation: HandshakeAllThreads done
Event: 6.842 Executing VM operation: HandshakeAllThreads
Event: 6.842 Executing VM operation: HandshakeAllThreads done
Event: 6.865 Executing VM operation: ICBufferFull
Event: 6.865 Executing VM operation: ICBufferFull done
Event: 6.926 Executing VM operation: HandshakeAllThreads
Event: 6.926 Executing VM operation: HandshakeAllThreads done
Event: 6.948 Executing VM operation: HandshakeAllThreads
Event: 6.948 Executing VM operation: HandshakeAllThreads done
Event: 6.979 Executing VM operation: HandshakeAllThreads
Event: 6.979 Executing VM operation: HandshakeAllThreads done

Memory protections (0 events):
No events

Nmethod flushes (0 events):
No events

Events (12 events):
Event: 0.037 Thread 0x0000016860883d60 Thread added: 0x0000016860883d60
Event: 0.041 Thread 0x0000016860883d60 Thread added: 0x000001687b77fbe0
Event: 0.041 Thread 0x0000016860883d60 Thread added: 0x000001687b781200
Event: 0.053 Thread 0x0000016860883d60 Thread added: 0x000001687b794e30
Event: 0.053 Thread 0x0000016860883d60 Thread added: 0x000001687b7959f0
Event: 0.054 Thread 0x0000016860883d60 Thread added: 0x000001687b7994d0
Event: 0.054 Thread 0x0000016860883d60 Thread added: 0x000001687b799e90
Event: 0.054 Thread 0x0000016860883d60 Thread added: 0x000001687b79ab80
Event: 0.055 Thread 0x0000016860883d60 Thread added: 0x000001687b79b630
Event: 0.055 Thread 0x0000016860883d60 Thread added: 0x000001687b79ef60
Event: 0.318 Thread 0x0000016860883d60 Thread added: 0x000001684518b220
Event: 0.558 Thread 0x0000016860883d60 Thread added: 0x00000168452b4520


Dynamic libraries:
0x00007ff74a1f0000 - 0x00007ff74a1fe000 	C:\Users\Tablos\.gradle\jdks\eclipse_adoptium-17-amd64-windows\jdk-17.0.14+7\bin\java.exe
0x00007ffbdc090000 - 0x00007ffbdc288000 	C:\Windows\SYSTEM32\ntdll.dll
0x00007ffbda0f0000 - 0x00007ffbda1b2000 	C:\Windows\System32\KERNEL32.DLL
0x00007ffbd9c60000 - 0x00007ffbd9f5e000 	C:\Windows\System32\KERNELBASE.dll
0x00007ffbc7260000 - 0x00007ffbc7277000 	C:\Users\Tablos\.gradle\jdks\eclipse_adoptium-17-amd64-windows\jdk-17.0.14+7\bin\jli.dll
0x00007ffbc71f0000 - 0x00007ffbc720e000 	C:\Users\Tablos\.gradle\jdks\eclipse_adoptium-17-amd64-windows\jdk-17.0.14+7\bin\VCRUNTIME140.dll
0x00007ffbd9b30000 - 0x00007ffbd9c30000 	C:\Windows\System32\ucrtbase.dll
0x00007ffbdab40000 - 0x00007ffbdacdd000 	C:\Windows\System32\USER32.dll
0x00007ffbd9a70000 - 0x00007ffbd9a92000 	C:\Windows\System32\win32u.dll
0x00007ffbc7810000 - 0x00007ffbc7aaa000 	C:\Windows\WinSxS\amd64_microsoft.windows.common-controls_6595b64144ccf1df_6.0.19041.4355_none_60b8b9eb71f62e16\COMCTL32.dll
0x00007ffbda450000 - 0x00007ffbda47b000 	C:\Windows\System32\GDI32.dll
0x00007ffbda320000 - 0x00007ffbda3be000 	C:\Windows\System32\msvcrt.dll
0x00007ffbd9f60000 - 0x00007ffbda077000 	C:\Windows\System32\gdi32full.dll
0x00007ffbd9870000 - 0x00007ffbd990d000 	C:\Windows\System32\msvcp_win.dll
0x00007ffbda2f0000 - 0x00007ffbda31f000 	C:\Windows\System32\IMM32.DLL
0x00007ffbc77e0000 - 0x00007ffbc77ec000 	C:\Users\Tablos\.gradle\jdks\eclipse_adoptium-17-amd64-windows\jdk-17.0.14+7\bin\vcruntime140_1.dll
0x00007ffbae4d0000 - 0x00007ffbae55d000 	C:\Users\Tablos\.gradle\jdks\eclipse_adoptium-17-amd64-windows\jdk-17.0.14+7\bin\msvcp140.dll
0x00007ffb87260000 - 0x00007ffb87ecb000 	C:\Users\Tablos\.gradle\jdks\eclipse_adoptium-17-amd64-windows\jdk-17.0.14+7\bin\server\jvm.dll
0x00007ffbdbfd0000 - 0x00007ffbdc081000 	C:\Windows\System32\ADVAPI32.dll
0x00007ffbda480000 - 0x00007ffbda51f000 	C:\Windows\System32\sechost.dll
0x00007ffbdadb0000 - 0x00007ffbdaed3000 	C:\Windows\System32\RPCRT4.dll
0x00007ffbd9c30000 - 0x00007ffbd9c57000 	C:\Windows\System32\bcrypt.dll
0x00007ffbdad40000 - 0x00007ffbdadab000 	C:\Windows\System32\WS2_32.dll
0x00007ffbd9150000 - 0x00007ffbd919b000 	C:\Windows\SYSTEM32\POWRPROF.dll
0x00007ffbbbd80000 - 0x00007ffbbbda7000 	C:\Windows\SYSTEM32\WINMM.dll
0x00007ffbc3e60000 - 0x00007ffbc3e6a000 	C:\Windows\SYSTEM32\VERSION.dll
0x00007ffbd90e0000 - 0x00007ffbd90f2000 	C:\Windows\SYSTEM32\UMPDC.dll
0x00007ffbd7fe0000 - 0x00007ffbd7ff2000 	C:\Windows\SYSTEM32\kernel.appcore.dll
0x00007ffbc62b0000 - 0x00007ffbc62ba000 	C:\Users\Tablos\.gradle\jdks\eclipse_adoptium-17-amd64-windows\jdk-17.0.14+7\bin\jimage.dll
0x00007ffbd7c90000 - 0x00007ffbd7e74000 	C:\Windows\SYSTEM32\DBGHELP.DLL
0x00007ffbb8610000 - 0x00007ffbb8644000 	C:\Windows\SYSTEM32\dbgcore.DLL
0x00007ffbd9aa0000 - 0x00007ffbd9b22000 	C:\Windows\System32\bcryptPrimitives.dll
0x00007ffbb9a70000 - 0x00007ffbb9a95000 	C:\Users\Tablos\.gradle\jdks\eclipse_adoptium-17-amd64-windows\jdk-17.0.14+7\bin\java.dll
0x00007ffb96db0000 - 0x00007ffb96e87000 	C:\Users\Tablos\.gradle\jdks\eclipse_adoptium-17-amd64-windows\jdk-17.0.14+7\bin\jsvml.dll
0x00007ffbdb860000 - 0x00007ffbdbfcd000 	C:\Windows\System32\SHELL32.dll
0x00007ffbd7410000 - 0x00007ffbd7bb4000 	C:\Windows\SYSTEM32\windows.storage.dll
0x00007ffbdb180000 - 0x00007ffbdb4d3000 	C:\Windows\System32\combase.dll
0x00007ffbd91a0000 - 0x00007ffbd91ce000 	C:\Windows\SYSTEM32\Wldp.dll
0x00007ffbda600000 - 0x00007ffbda6cd000 	C:\Windows\System32\OLEAUT32.dll
0x00007ffbda240000 - 0x00007ffbda2ed000 	C:\Windows\System32\SHCORE.dll
0x00007ffbda530000 - 0x00007ffbda585000 	C:\Windows\System32\shlwapi.dll
0x00007ffbd96a0000 - 0x00007ffbd96c4000 	C:\Windows\SYSTEM32\profapi.dll
0x00007ffbc5490000 - 0x00007ffbc54a9000 	C:\Users\Tablos\.gradle\jdks\eclipse_adoptium-17-amd64-windows\jdk-17.0.14+7\bin\net.dll
0x00007ffbc9860000 - 0x00007ffbc996d000 	C:\Windows\SYSTEM32\WINHTTP.dll
0x00007ffbd8e90000 - 0x00007ffbd8efa000 	C:\Windows\system32\mswsock.dll
0x00007ffbbd1d0000 - 0x00007ffbbd1e6000 	C:\Users\Tablos\.gradle\jdks\eclipse_adoptium-17-amd64-windows\jdk-17.0.14+7\bin\nio.dll
0x00007ffbbafe0000 - 0x00007ffbbaff8000 	C:\Users\Tablos\.gradle\jdks\eclipse_adoptium-17-amd64-windows\jdk-17.0.14+7\bin\zip.dll
0x00007ffbc44b0000 - 0x00007ffbc44c0000 	C:\Users\Tablos\.gradle\jdks\eclipse_adoptium-17-amd64-windows\jdk-17.0.14+7\bin\verify.dll

dbghelp: loaded successfully - version: 4.0.5 - missing functions: none
symbol engine: initialized successfully - sym options: 0x614 - pdb path: .;C:\Users\Tablos\.gradle\jdks\eclipse_adoptium-17-amd64-windows\jdk-17.0.14+7\bin;C:\Windows\SYSTEM32;C:\Windows\WinSxS\amd64_microsoft.windows.common-controls_6595b64144ccf1df_6.0.19041.4355_none_60b8b9eb71f62e16;C:\Users\Tablos\.gradle\jdks\eclipse_adoptium-17-amd64-windows\jdk-17.0.14+7\bin\server

VM Arguments:
jvm_args: -Dforge.logging.console.level=debug -Dforge.logging.markers=REGISTRIES -DignoreList=bootstraplauncher,securejarhandler,asm-commons,asm-util,asm-analysis,asm-tree,asm,JarJarFileSystems,client-extra,fmlcore,javafmllanguage,lowcodelanguage,mclanguage,forge- -Djava.net.preferIPv6Addresses=system -DlegacyClassPath.file=C:\Users\Tablos\Documents\IntellijProjects\Orevolution\build\classpath\runData_minecraftClasspath.txt -DmergeModules=jna-5.10.0.jar,jna-platform-5.10.0.jar --module-path=C:\Users\Tablos\.gradle\caches\modules-2\files-2.1\cpw.mods\bootstraplauncher\1.1.2\c546e00443d8432cda6baa1c860346980742628\bootstraplauncher-1.1.2.jar;C:\Users\Tablos\.gradle\caches\modules-2\files-2.1\cpw.mods\securejarhandler\2.1.10\51e6a22c6c716beb11e244bf5b8be480f51dd6b5\securejarhandler-2.1.10.jar;C:\Users\Tablos\.gradle\caches\modules-2\files-2.1\org.ow2.asm\asm-commons\9.7.1\406c6a2225cfe1819f102a161e54cc16a5c24f75\asm-commons-9.7.1.jar;C:\Users\Tablos\.gradle\caches\modules-2\files-2.1\org.ow2.asm\asm-util\9.7.1\9e23359b598ec6b74b23e53110dd5c577adf2243\asm-util-9.7.1.jar;C:\Users\Tablos\.gradle\caches\modules-2\files-2.1\org.ow2.asm\asm-analysis\9.7.1\f97a3b319f0ed6a8cd944dc79060d3912a28985f\asm-analysis-9.7.1.jar;C:\Users\Tablos\.gradle\caches\modules-2\files-2.1\org.ow2.asm\asm-tree\9.7.1\3a53139787663b139de76b627fca0084ab60d32c\asm-tree-9.7.1.jar;C:\Users\Tablos\.gradle\caches\modules-2\files-2.1\org.ow2.asm\asm\9.7.1\f0ed132a49244b042cd0e15702ab9f2ce3cc8436\asm-9.7.1.jar;C:\Users\Tablos\.gradle\caches\modules-2\files-2.1\net.minecraftforge\JarJarFileSystems\0.3.19\2464eb7d6b9ddb9db36a82cf8a95193e5c6fe020\JarJarFileSystems-0.3.19.jar --add-modules=ALL-MODULE-PATH --add-opens=java.base/java.util.jar=cpw.mods.securejarhandler --add-opens=java.base/java.lang.invoke=cpw.mods.securejarhandler --add-exports=java.base/sun.security.util=cpw.mods.securejarhandler --add-exports=jdk.naming.dns/com.sun.jndi.dns=java.naming -Dfile.encoding=UTF-8 -Duser.country=AR -Duser.language=es -Duser.variant 
java_command: cpw.mods.bootstraplauncher.BootstrapLauncher --launchTarget forgedatauserdev --assetIndex 5 --assetsDir C:\Users\Tablos\.gradle\caches\forge_gradle\assets --gameDir . --fml.forgeVersion 47.4.4 --fml.mcVersion 1.20.1 --fml.forgeGroup net.minecraftforge --fml.mcpVersion 20230612.114412 --mod orevolution --all --output C:\Users\Tablos\Documents\IntellijProjects\Orevolution\src\generated\resources --existing C:\Users\Tablos\Documents\IntellijProjects\Orevolution\src\main\resources
java_class_path (initial): C:\Users\Tablos\Documents\IntellijProjects\Orevolution\build\classes\java\main;C:\Users\Tablos\Documents\IntellijProjects\Orevolution\build\resources\main;C:\Users\Tablos\.gradle\caches\forge_gradle\deobf_dependencies\maven\modrinth\blueprint\xtEwbO0X_mapped_official_1.20.1\blueprint-xtEwbO0X_mapped_official_1.20.1.jar;C:\Users\Tablos\.gradle\caches\forge_gradle\minecraft_user_repo\net\minecraftforge\forge\1.20.1-47.4.4_mapped_official_1.20.1\forge-1.20.1-47.4.4_mapped_official_1.20.1.jar;C:\Users\Tablos\.gradle\caches\forge_gradle\deobf_dependencies\maven\modrinth\embeddium\UTbfe5d1_mapped_official_1.20.1\embeddium-UTbfe5d1_mapped_official_1.20.1.jar;C:\Users\Tablos\.gradle\caches\forge_gradle\deobf_dependencies\maven\modrinth\emi\WtJS5tVw_mapped_official_1.20.1\emi-WtJS5tVw_mapped_official_1.20.1.jar;C:\Users\Tablos\.gradle\caches\forge_gradle\minecraft_repo\versions\1.20.1\client-extra.jar;C:\Users\Tablos\.gradle\caches\modules-2\files-2.1\net.minecraftforge\fmlearlydisplay\1.20.1-47.4.4\2b323ecae7cc6ca7ccb466a63100790d59521dbc\fmlearlydisplay-1.20.1-47.4.4.jar;C:\Users\Tablos\.gradle\caches\modules-2\files-2.1\net.minecraftforge\javafmllanguage\1.20.1-47.4.4\c05c04093d241dea1d0f54782d19cfe5db9d0aac\javafmllanguage-1.20.1-47.4.4.jar;C:\Users\Tablos\.gradle\caches\modules-2\files-2.1\net.minecraftforge\lowcodelanguage\1.20.1-47.4.4\8a8bd6d44f3f0e6a1145b9066eac84fdcfbe7108\lowcodelanguage-1.20.1-47.4.4.jar;C:\Users\Tablos\.gradle\caches\modules-2\files-2.1\net.minecraftforge\mclanguage\1.20.1-47.4.4\a8876f0a1a04237fc48a4a73692ea08e0443d2ba\mclanguage-1.20.1-47.4.4.jar;C:\Users\Tablos\.gradle\caches\modules-2\files-2.1\net.minecraftforge\fmlcore\1.20.1-47.4.4\55a693260a8a7b851c3531972ef997294c191b3e\fmlcore-1.20.1-47.4.4.jar;C:\Users\Tablos\.gradle\caches\modules-2\files-2.1\net.minecraftforge\fmlloader\1.20.1-47.4.4\8d7112d3f79555f4d6a801b53ab24c8a94bb24c0\fmlloader-1.20.1-47.4.4.jar;C:\Users\Tablos\.gradle\caches\modules-2\files-2.1\ne
Launcher Type: SUN_STANDARD

[Global flags]
     intx CICompilerCount                          = 2                                         {product} {ergonomic}
     uint ConcGCThreads                            = 1                                         {product} {ergonomic}
     uint G1ConcRefinementThreads                  = 2                                         {product} {ergonomic}
   size_t G1HeapRegionSize                         = 1048576                                   {product} {ergonomic}
    uintx GCDrainStackTargetSize                   = 64                                        {product} {ergonomic}
   size_t InitialHeapSize                          = 65011712                                  {product} {ergonomic}
   size_t MarkStackSize                            = 4194304                                   {product} {ergonomic}
   size_t MaxHeapSize                              = 1027604480                                {product} {ergonomic}
   size_t MaxNewSize                               = 616562688                                 {product} {ergonomic}
   size_t MinHeapDeltaBytes                        = 1048576                                   {product} {ergonomic}
   size_t MinHeapSize                              = 8388608                                   {product} {ergonomic}
    uintx NonNMethodCodeHeapSize                   = 5826188                                {pd product} {ergonomic}
    uintx NonProfiledCodeHeapSize                  = 122916026                              {pd product} {ergonomic}
    uintx ProfiledCodeHeapSize                     = 122916026                              {pd product} {ergonomic}
    uintx ReservedCodeCacheSize                    = 251658240                              {pd product} {ergonomic}
     bool SegmentedCodeCache                       = true                                      {product} {ergonomic}
   size_t SoftMaxHeapSize                          = 1027604480                             {manageable} {ergonomic}
     bool UseCompressedClassPointers               = true                           {product lp64_product} {ergonomic}
     bool UseCompressedOops                        = true                           {product lp64_product} {ergonomic}
     bool UseG1GC                                  = true                                      {product} {ergonomic}
     bool UseLargePagesIndividualAllocation        = false                                  {pd product} {ergonomic}

Logging:
Log output configuration:
 #0: stdout all=warning uptime,level,tags
 #1: stderr all=off uptime,level,tags

Environment Variables:
PATH=C:\Program Files (x86)\Common Files\Oracle\Java\java8path;C:\Program Files (x86)\Common Files\Oracle\Java\javapath;C:\Program Files\Zulu\zulu-21\bin\;C:\Windows\system32;C:\Windows;C:\Windows\System32\Wbem;C:\Windows\System32\WindowsPowerShell\v1.0\;C:\Windows\System32\OpenSSH\;C:\Program Files\dotnet\;C:\Program Files\Git\cmd;C:\Users\Tablos\AppData\Local\Microsoft\WindowsApps;C:\Users\Tablos\.dotnet\tools;C:\Users\Tablos\AppData\Local\Programs\Microsoft VS Code\bin;C:\Users\Tablos\AppData\Local\GitHubDesktop\bin
USERNAME=Tablos
OS=Windows_NT
PROCESSOR_IDENTIFIER=Intel64 Family 6 Model 122 Stepping 8, GenuineIntel
TMP=C:\Users\Tablos\AppData\Local\Temp
TEMP=C:\Users\Tablos\AppData\Local\Temp



Periodic native trim disabled


---------------  S Y S T E M  ---------------

OS:
 Windows 10 , 64 bit Build 19041 (10.0.19041.5072)
OS uptime: 0 days 8:07 hours

CPU: total 2 (initial active 2) (2 cores per cpu, 1 threads per core) family 6 model 122 stepping 8 microcode 0xc, cx8, cmov, fxsr, mmx, 3dnowpref, sse, sse2, sse3, ssse3, sse4.1, sse4.2, popcnt, tsc, tscinvbit, aes, erms, clmul, sha, clflush, clflushopt
Processor Information for all 2 processors :
  Max Mhz: 1101, Current Mhz: 1101, Mhz Limit: 1101

Memory: 4k page, system-wide physical 3914M (1080M free)
TotalPageFile size 13926M (AvailPageFile size 3394M)
current process WorkingSet (physical memory assigned to process): 129M, peak: 129M
current process commit charge ("private bytes"): 189M, peak: 192M

vm_info: OpenJDK 64-Bit Server VM (17.0.14+7) for windows-amd64 JRE (17.0.14+7), built on Jan 21 2025 23:40:15 by "admin" with MS VC++ 17.7 (VS2022)

END.
